[ 2015-11-16T00:02:38+08:00 ] 127.0.0.1 /repair/index.php/Home/SetClass/classInfowidget/pid/1.html
INFO: [ app_begin ] --START--
INFO: Run Behavior\ReadHtmlCacheBehavior [ RunTime:0.000722s ]
INFO: [ app_begin ] --END-- [ RunTime:0.001264s ]
NOTIC: [8] A session had already been started - ignoring session_start() E:\wamp\www\repair\Application\Common\Controller\BaseController.class.php 第 15 行.
NOTIC: [8] Undefined index: mid E:\wamp\www\repair\Application\Common\Model\PassportModel.class.php 第 55 行.
NOTIC: [8] Undefined index: Home/SetClass/classInfowidget E:\wamp\www\repair\Application\Common\Model\PassportModel.class.php 第 42 行.
NOTIC: [8] Undefined index: Home/SetClass/* E:\wamp\www\repair\Application\Common\Model\PassportModel.class.php 第 43 行.
NOTIC: [8] Undefined index: Home/*/* E:\wamp\www\repair\Application\Common\Model\PassportModel.class.php 第 44 行.
NOTIC: [8] Undefined index: mid E:\wamp\www\repair\Application\Common\Controller\BaseController.class.php 第 41 行.
SQL: SHOW COLUMNS FROM `user` [ RunTime:0.0032s ]
SQL: SHOW COLUMNS FROM `classes` [ RunTime:0.0027s ]
INFO: [ view_parse ] --START--
INFO: [ template_filter ] --START--
INFO: Run Behavior\ContentReplaceBehavior [ RunTime:0.000076s ]
INFO: [ template_filter ] --END-- [ RunTime:0.000182s ]
INFO: Run Behavior\ParseTemplateBehavior [ RunTime:0.007702s ]
INFO: [ view_parse ] --END-- [ RunTime:0.007812s ]
INFO: [ view_filter ] --START--
INFO: Run Behavior\WriteHtmlCacheBehavior [ RunTime:0.000376s ]
INFO: [ view_filter ] --END-- [ RunTime:0.000466s ]
INFO: [ app_end ] --START--
INFO: Run Behavior\ShowPageTraceBehavior [ RunTime:0.000612s ]
INFO: [ app_end ] --END-- [ RunTime:0.000707s ]

[ 2015-11-16T00:02:38+08:00 ] 127.0.0.1 /repair/index.php/Home/SetClass/classInfowidget/pid/2.html
INFO: [ app_begin ] --START--
INFO: Run Behavior\ReadHtmlCacheBehavior [ RunTime:0.000928s ]
INFO: [ app_begin ] --END-- [ RunTime:0.001658s ]
NOTIC: [8] A session had already been started - ignoring session_start() E:\wamp\www\repair\Application\Common\Controller\BaseController.class.php 第 15 行.
NOTIC: [8] Undefined index: mid E:\wamp\www\repair\Application\Common\Model\PassportModel.class.php 第 55 行.
NOTIC: [8] Undefined index: Home/SetClass/classInfowidget E:\wamp\www\repair\Application\Common\Model\PassportModel.class.php 第 42 行.
NOTIC: [8] Undefined index: Home/SetClass/* E:\wamp\www\repair\Application\Common\Model\PassportModel.class.php 第 43 行.
NOTIC: [8] Undefined index: Home/*/* E:\wamp\www\repair\Application\Common\Model\PassportModel.class.php 第 44 行.
NOTIC: [8] Undefined index: mid E:\wamp\www\repair\Application\Common\Controller\BaseController.class.php 第 41 行.
SQL: SHOW COLUMNS FROM `user` [ RunTime:0.0032s ]
SQL: SHOW COLUMNS FROM `classes` [ RunTime:0.0028s ]
INFO: [ view_parse ] --START--
INFO: [ template_filter ] --START--
INFO: Run Behavior\ContentReplaceBehavior [ RunTime:0.000127s ]
INFO: [ template_filter ] --END-- [ RunTime:0.000261s ]
INFO: Run Behavior\ParseTemplateBehavior [ RunTime:0.007484s ]
INFO: [ view_parse ] --END-- [ RunTime:0.007595s ]
INFO: [ view_filter ] --START--
INFO: Run Behavior\WriteHtmlCacheBehavior [ RunTime:0.000384s ]
INFO: [ view_filter ] --END-- [ RunTime:0.000478s ]
INFO: [ app_end ] --START--
INFO: Run Behavior\ShowPageTraceBehavior [ RunTime:0.000636s ]
INFO: [ app_end ] --END-- [ RunTime:0.000732s ]

[ 2015-11-16T00:05:45+08:00 ] 127.0.0.1 /repair/index.php/Home/SetClass/classInfowidget/pid/1.html
INFO: [ app_begin ] --START--
INFO: Run Behavior\ReadHtmlCacheBehavior [ RunTime:0.000858s ]
INFO: [ app_begin ] --END-- [ RunTime:0.001522s ]
NOTIC: [8] A session had already been started - ignoring session_start() E:\wamp\www\repair\Application\Common\Controller\BaseController.class.php 第 15 行.
NOTIC: [8] Undefined index: mid E:\wamp\www\repair\Application\Common\Model\PassportModel.class.php 第 55 行.
NOTIC: [8] Undefined index: Home/SetClass/classInfowidget E:\wamp\www\repair\Application\Common\Model\PassportModel.class.php 第 42 行.
NOTIC: [8] Undefined index: Home/SetClass/* E:\wamp\www\repair\Application\Common\Model\PassportModel.class.php 第 43 行.
NOTIC: [8] Undefined index: Home/*/* E:\wamp\www\repair\Application\Common\Model\PassportModel.class.php 第 44 行.
NOTIC: [8] Undefined index: mid E:\wamp\www\repair\Application\Common\Controller\BaseController.class.php 第 41 行.
SQL: SHOW COLUMNS FROM `user` [ RunTime:0.0027s ]
SQL: SHOW COLUMNS FROM `classes` [ RunTime:0.0024s ]
INFO: [ view_parse ] --START--
INFO: [ template_filter ] --START--
INFO: Run Behavior\ContentReplaceBehavior [ RunTime:0.000052s ]
INFO: [ template_filter ] --END-- [ RunTime:0.000118s ]
INFO: Run Behavior\ParseTemplateBehavior [ RunTime:0.005277s ]
INFO: [ view_parse ] --END-- [ RunTime:0.005348s ]
INFO: [ view_filter ] --START--
INFO: Run Behavior\WriteHtmlCacheBehavior [ RunTime:0.000358s ]
INFO: [ view_filter ] --END-- [ RunTime:0.000436s ]
INFO: [ app_end ] --START--
INFO: Run Behavior\ShowPageTraceBehavior [ RunTime:0.000642s ]
INFO: [ app_end ] --END-- [ RunTime:0.000730s ]

[ 2015-11-16T00:05:46+08:00 ] 127.0.0.1 /repair/index.php/Home/SetClass/classInfowidget/pid/2.html
INFO: [ app_begin ] --START--
INFO: Run Behavior\ReadHtmlCacheBehavior [ RunTime:0.000887s ]
INFO: [ app_begin ] --END-- [ RunTime:0.001585s ]
NOTIC: [8] A session had already been started - ignoring session_start() E:\wamp\www\repair\Application\Common\Controller\BaseController.class.php 第 15 行.
NOTIC: [8] Undefined index: mid E:\wamp\www\repair\Application\Common\Model\PassportModel.class.php 第 55 行.
NOTIC: [8] Undefined index: Home/SetClass/classInfowidget E:\wamp\www\repair\Application\Common\Model\PassportModel.class.php 第 42 行.
NOTIC: [8] Undefined index: Home/SetClass/* E:\wamp\www\repair\Application\Common\Model\PassportModel.class.php 第 43 行.
NOTIC: [8] Undefined index: Home/*/* E:\wamp\www\repair\Application\Common\Model\PassportModel.class.php 第 44 行.
NOTIC: [8] Undefined index: mid E:\wamp\www\repair\Application\Common\Controller\BaseController.class.php 第 41 行.
SQL: SHOW COLUMNS FROM `user` [ RunTime:0.0026s ]
SQL: SHOW COLUMNS FROM `classes` [ RunTime:0.0022s ]
INFO: [ view_parse ] --START--
INFO: [ template_filter ] --START--
INFO: Run Behavior\ContentReplaceBehavior [ RunTime:0.000051s ]
INFO: [ template_filter ] --END-- [ RunTime:0.000118s ]
INFO: Run Behavior\ParseTemplateBehavior [ RunTime:0.005230s ]
INFO: [ view_parse ] --END-- [ RunTime:0.005310s ]
INFO: [ view_filter ] --START--
INFO: Run Behavior\WriteHtmlCacheBehavior [ RunTime:0.000256s ]
INFO: [ view_filter ] --END-- [ RunTime:0.000319s ]
INFO: [ app_end ] --START--
INFO: Run Behavior\ShowPageTraceBehavior [ RunTime:0.000422s ]
INFO: [ app_end ] --END-- [ RunTime:0.000488s ]

[ 2015-11-16T00:07:33+08:00 ] 127.0.0.1 /repair/index.php/Home/SetClass/classInfowidget/pid/1.html
INFO: [ app_begin ] --START--
INFO: Run Behavior\ReadHtmlCacheBehavior [ RunTime:0.001054s ]
INFO: [ app_begin ] --END-- [ RunTime:0.001952s ]
NOTIC: [8] A session had already been started - ignoring session_start() E:\wamp\www\repair\Application\Common\Controller\BaseController.class.php 第 15 行.
NOTIC: [8] Undefined index: mid E:\wamp\www\repair\Application\Common\Model\PassportModel.class.php 第 55 行.
NOTIC: [8] Undefined index: Home/SetClass/classInfowidget E:\wamp\www\repair\Application\Common\Model\PassportModel.class.php 第 42 行.
NOTIC: [8] Undefined index: Home/SetClass/* E:\wamp\www\repair\Application\Common\Model\PassportModel.class.php 第 43 行.
NOTIC: [8] Undefined index: Home/*/* E:\wamp\www\repair\Application\Common\Model\PassportModel.class.php 第 44 行.
NOTIC: [8] Undefined index: mid E:\wamp\www\repair\Application\Common\Controller\BaseController.class.php 第 41 行.
SQL: SHOW COLUMNS FROM `user` [ RunTime:0.0028s ]
SQL: SHOW COLUMNS FROM `classes` [ RunTime:0.0023s ]
INFO: [ view_parse ] --START--
INFO: [ template_filter ] --START--
INFO: Run Behavior\ContentReplaceBehavior [ RunTime:0.000053s ]
INFO: [ template_filter ] --END-- [ RunTime:0.000127s ]
INFO: Run Behavior\ParseTemplateBehavior [ RunTime:0.005062s ]
INFO: [ view_parse ] --END-- [ RunTime:0.005146s ]
INFO: [ view_filter ] --START--
INFO: Run Behavior\WriteHtmlCacheBehavior [ RunTime:0.000209s ]
INFO: [ view_filter ] --END-- [ RunTime:0.000269s ]
INFO: [ app_end ] --START--
INFO: Run Behavior\ShowPageTraceBehavior [ RunTime:0.000400s ]
INFO: [ app_end ] --END-- [ RunTime:0.000463s ]

[ 2015-11-16T00:07:34+08:00 ] 127.0.0.1 /repair/index.php/Home/SetClass/classInfowidget/pid/2.html
INFO: [ app_begin ] --START--
INFO: Run Behavior\ReadHtmlCacheBehavior [ RunTime:0.001131s ]
INFO: [ app_begin ] --END-- [ RunTime:0.002100s ]
NOTIC: [8] A session had already been started - ignoring session_start() E:\wamp\www\repair\Application\Common\Controller\BaseController.class.php 第 15 行.
NOTIC: [8] Undefined index: mid E:\wamp\www\repair\Application\Common\Model\PassportModel.class.php 第 55 行.
NOTIC: [8] Undefined index: Home/SetClass/classInfowidget E:\wamp\www\repair\Application\Common\Model\PassportModel.class.php 第 42 行.
NOTIC: [8] Undefined index: Home/SetClass/* E:\wamp\www\repair\Application\Common\Model\PassportModel.class.php 第 43 行.
NOTIC: [8] Undefined index: Home/*/* E:\wamp\www\repair\Application\Common\Model\PassportModel.class.php 第 44 行.
NOTIC: [8] Undefined index: mid E:\wamp\www\repair\Application\Common\Controller\BaseController.class.php 第 41 行.
SQL: SHOW COLUMNS FROM `user` [ RunTime:0.0024s ]
SQL: SHOW COLUMNS FROM `classes` [ RunTime:0.0023s ]
INFO: [ view_parse ] --START--
INFO: [ template_filter ] --START--
INFO: Run Behavior\ContentReplaceBehavior [ RunTime:0.000051s ]
INFO: [ template_filter ] --END-- [ RunTime:0.000116s ]
INFO: Run Behavior\ParseTemplateBehavior [ RunTime:0.005109s ]
INFO: [ view_parse ] --END-- [ RunTime:0.005184s ]
INFO: [ view_filter ] --START--
INFO: Run Behavior\WriteHtmlCacheBehavior [ RunTime:0.000313s ]
INFO: [ view_filter ] --END-- [ RunTime:0.000385s ]
INFO: [ app_end ] --START--
INFO: Run Behavior\ShowPageTraceBehavior [ RunTime:0.000441s ]
INFO: [ app_end ] --END-- [ RunTime:0.000527s ]

[ 2015-11-16T00:07:34+08:00 ] 127.0.0.1 /repair/index.php/Home/SetClass/classInfowidget/pid/4.html
INFO: [ app_begin ] --START--
INFO: Run Behavior\ReadHtmlCacheBehavior [ RunTime:0.000777s ]
INFO: [ app_begin ] --END-- [ RunTime:0.001444s ]
NOTIC: [8] A session had already been started - ignoring session_start() E:\wamp\www\repair\Application\Common\Controller\BaseController.class.php 第 15 行.
NOTIC: [8] Undefined index: mid E:\wamp\www\repair\Application\Common\Model\PassportModel.class.php 第 55 行.
NOTIC: [8] Undefined index: Home/SetClass/classInfowidget E:\wamp\www\repair\Application\Common\Model\PassportModel.class.php 第 42 行.
NOTIC: [8] Undefined index: Home/SetClass/* E:\wamp\www\repair\Application\Common\Model\PassportModel.class.php 第 43 行.
NOTIC: [8] Undefined index: Home/*/* E:\wamp\www\repair\Application\Common\Model\PassportModel.class.php 第 44 行.
NOTIC: [8] Undefined index: mid E:\wamp\www\repair\Application\Common\Controller\BaseController.class.php 第 41 行.
SQL: SHOW COLUMNS FROM `user` [ RunTime:0.0027s ]
SQL: SHOW COLUMNS FROM `classes` [ RunTime:0.0021s ]
INFO: [ view_parse ] --START--
INFO: [ template_filter ] --START--
INFO: Run Behavior\ContentReplaceBehavior [ RunTime:0.000051s ]
INFO: [ template_filter ] --END-- [ RunTime:0.000118s ]
INFO: Run Behavior\ParseTemplateBehavior [ RunTime:0.005149s ]
INFO: [ view_parse ] --END-- [ RunTime:0.005219s ]
INFO: [ view_filter ] --START--
INFO: Run Behavior\WriteHtmlCacheBehavior [ RunTime:0.000275s ]
INFO: [ view_filter ] --END-- [ RunTime:0.000338s ]
INFO: [ app_end ] --START--
INFO: Run Behavior\ShowPageTraceBehavior [ RunTime:0.000441s ]
INFO: [ app_end ] --END-- [ RunTime:0.000506s ]

