[ 2015-11-14T12:33:54+08:00 ] ::1 /repair/
ERR: Think\Model:getFields方法不存在！

[ 2015-11-14T12:46:49+08:00 ] ::1 /repair/
ERR: 表达式错误:I N

[ 2015-11-14T12:46:50+08:00 ] ::1 /repair/
ERR: 表达式错误:I N

[ 2015-11-14T12:47:03+08:00 ] ::1 /repair/
ERR: 没有找到id为Array的图片集

[ 2015-11-14T12:47:04+08:00 ] ::1 /repair/
ERR: 没有找到id为Array的图片集

[ 2015-11-14T12:47:04+08:00 ] ::1 /repair/
ERR: 没有找到id为Array的图片集

[ 2015-11-14T18:14:09+08:00 ] ::1 /repair/
ERR: 参数错误

[ 2015-11-14T18:14:23+08:00 ] ::1 /repair/
ERR: 参数错误

[ 2015-11-14T18:14:24+08:00 ] ::1 /repair/
ERR: 参数错误

[ 2015-11-14T18:14:24+08:00 ] ::1 /repair/
ERR: 参数错误

[ 2015-11-14T18:14:24+08:00 ] ::1 /repair/
ERR: 参数错误

[ 2015-11-14T18:14:24+08:00 ] ::1 /repair/
ERR: 参数错误

