[ 2015-11-15T00:30:03+08:00 ] ::1 /repair/
ERR: id为18的班级不存在

[ 2015-11-15T10:31:53+08:00 ] ::1 /repair/index.php/Home/login/register
ERR: 非法操作:register

[ 2015-11-15T10:31:57+08:00 ] ::1 /repair/index.php/Home/login/
ERR: 非法操作:index

[ 2015-11-15T10:32:12+08:00 ] ::1 /repair/index.php/Home/login/Login
ERR: 模板不存在:D:/wamp/www/repair/Application/Home/View/Login/Login.html

[ 2015-11-15T11:32:55+08:00 ] ::1 /repair/
ERR: 1146:Table 'repair.pepair_record' doesn't exist
 [ SQL语句 ] : SHOW COLUMNS FROM `pepair_record`

[ 2015-11-15T11:33:11+08:00 ] ::1 /repair/
ERR: Think\Model:getUserRepairRecords方法不存在！

[ 2015-11-15T11:33:12+08:00 ] ::1 /repair/
ERR: Think\Model:getUserRepairRecords方法不存在！

[ 2015-11-15T11:33:12+08:00 ] ::1 /repair/
ERR: Think\Model:getUserRepairRecords方法不存在！

[ 2015-11-15T14:01:55+08:00 ] ::1 /repair/index.php
ERR: 1054:Unknown column 'path' in 'field list'
 [ SQL语句 ] : SELECT `path` FROM `fault_images` WHERE ( image_set_id=1 ) LIMIT 2  

[ 2015-11-15T14:01:56+08:00 ] ::1 /repair/index.php
ERR: 1054:Unknown column 'path' in 'field list'
 [ SQL语句 ] : SELECT `path` FROM `fault_images` WHERE ( image_set_id=1 ) LIMIT 2  

[ 2015-11-15T14:01:56+08:00 ] ::1 /repair/index.php
ERR: 1054:Unknown column 'path' in 'field list'
 [ SQL语句 ] : SELECT `path` FROM `fault_images` WHERE ( image_set_id=1 ) LIMIT 2  

[ 2015-11-15T14:01:56+08:00 ] ::1 /repair/index.php
ERR: 1054:Unknown column 'path' in 'field list'
 [ SQL语句 ] : SELECT `path` FROM `fault_images` WHERE ( image_set_id=1 ) LIMIT 2  

[ 2015-11-15T14:23:36+08:00 ] ::1 /repair/index.php/
ERR: 创建图片集失败！

[ 2015-11-15T14:24:07+08:00 ] ::1 /repair/index.php/
ERR: 创建图片集失败！

[ 2015-11-15T14:24:07+08:00 ] ::1 /repair/index.php/
ERR: 创建图片集失败！

[ 2015-11-15T14:24:07+08:00 ] ::1 /repair/index.php/
ERR: 创建图片集失败！

[ 2015-11-15T14:24:08+08:00 ] ::1 /repair/index.php/
ERR: 创建图片集失败！

[ 2015-11-15T14:24:13+08:00 ] ::1 /repair/index.php/
ERR: 创建图片集失败！error:

[ 2015-11-15T14:24:14+08:00 ] ::1 /repair/index.php/
ERR: 创建图片集失败！error:

[ 2015-11-15T14:24:14+08:00 ] ::1 /repair/index.php/
ERR: 创建图片集失败！error:

