[ 2015-11-13T16:44:23+08:00 ] ::1 /repair/
ERR: 1146:Table 'repair.regisiter' doesn't exist
 [ SQL语句 ] : SHOW COLUMNS FROM `regisiter`

[ 2015-11-13T16:44:55+08:00 ] ::1 /repair/
ERR: 1146:Table 'repair.regisiter' doesn't exist
 [ SQL语句 ] : SHOW COLUMNS FROM `regisiter`

[ 2015-11-13T16:45:37+08:00 ] ::1 /repair/
ERR: 1146:Table 'repair.regisiter' doesn't exist
 [ SQL语句 ] : SHOW COLUMNS FROM `regisiter`

[ 2015-11-13T16:45:38+08:00 ] ::1 /repair/
ERR: 1146:Table 'repair.regisiter' doesn't exist
 [ SQL语句 ] : SHOW COLUMNS FROM `regisiter`

[ 2015-11-13T16:45:38+08:00 ] ::1 /repair/
ERR: 1146:Table 'repair.regisiter' doesn't exist
 [ SQL语句 ] : SHOW COLUMNS FROM `regisiter`

[ 2015-11-13T16:45:38+08:00 ] ::1 /repair/
ERR: 1146:Table 'repair.regisiter' doesn't exist
 [ SQL语句 ] : SHOW COLUMNS FROM `regisiter`

[ 2015-11-13T16:45:38+08:00 ] ::1 /repair/
ERR: 1146:Table 'repair.regisiter' doesn't exist
 [ SQL语句 ] : SHOW COLUMNS FROM `regisiter`

[ 2015-11-13T16:45:38+08:00 ] ::1 /repair/
ERR: 1146:Table 'repair.regisiter' doesn't exist
 [ SQL语句 ] : SHOW COLUMNS FROM `regisiter`

[ 2015-11-13T16:46:04+08:00 ] ::1 /repair/
ERR: 1146:Table 'repair.regisiter' doesn't exist
 [ SQL语句 ] : SHOW COLUMNS FROM `regisiter`

[ 2015-11-13T16:46:04+08:00 ] ::1 /repair/
ERR: 1146:Table 'repair.regisiter' doesn't exist
 [ SQL语句 ] : SHOW COLUMNS FROM `regisiter`

[ 2015-11-13T16:46:04+08:00 ] ::1 /repair/
ERR: 1146:Table 'repair.regisiter' doesn't exist
 [ SQL语句 ] : SHOW COLUMNS FROM `regisiter`

[ 2015-11-13T16:46:04+08:00 ] ::1 /repair/
ERR: 1146:Table 'repair.regisiter' doesn't exist
 [ SQL语句 ] : SHOW COLUMNS FROM `regisiter`

[ 2015-11-13T16:46:20+08:00 ] ::1 /repair/
ERR: 1146:Table 'repair.regisiter' doesn't exist
 [ SQL语句 ] : SHOW COLUMNS FROM `regisiter`

[ 2015-11-13T16:46:20+08:00 ] ::1 /repair/
ERR: 1146:Table 'repair.regisiter' doesn't exist
 [ SQL语句 ] : SHOW COLUMNS FROM `regisiter`

[ 2015-11-13T16:46:20+08:00 ] ::1 /repair/
ERR: 1146:Table 'repair.regisiter' doesn't exist
 [ SQL语句 ] : SHOW COLUMNS FROM `regisiter`

[ 2015-11-13T16:46:20+08:00 ] ::1 /repair/
ERR: 1146:Table 'repair.regisiter' doesn't exist
 [ SQL语句 ] : SHOW COLUMNS FROM `regisiter`

[ 2015-11-13T16:46:35+08:00 ] ::1 /repair/
ERR: 1146:Table 'repair.register_model' doesn't exist
 [ SQL语句 ] : SHOW COLUMNS FROM `register_model`

[ 2015-11-13T16:46:35+08:00 ] ::1 /repair/
ERR: 1146:Table 'repair.register_model' doesn't exist
 [ SQL语句 ] : SHOW COLUMNS FROM `register_model`

[ 2015-11-13T16:46:35+08:00 ] ::1 /repair/
ERR: 1146:Table 'repair.register_model' doesn't exist
 [ SQL语句 ] : SHOW COLUMNS FROM `register_model`

[ 2015-11-13T16:46:36+08:00 ] ::1 /repair/
ERR: 1146:Table 'repair.register_model' doesn't exist
 [ SQL语句 ] : SHOW COLUMNS FROM `register_model`

[ 2015-11-13T16:46:36+08:00 ] ::1 /repair/
ERR: 1146:Table 'repair.register_model' doesn't exist
 [ SQL语句 ] : SHOW COLUMNS FROM `register_model`

[ 2015-11-13T16:46:36+08:00 ] ::1 /repair/
ERR: 1146:Table 'repair.register_model' doesn't exist
 [ SQL语句 ] : SHOW COLUMNS FROM `register_model`

[ 2015-11-13T16:46:36+08:00 ] ::1 /repair/
ERR: 1146:Table 'repair.register_model' doesn't exist
 [ SQL语句 ] : SHOW COLUMNS FROM `register_model`

[ 2015-11-13T16:46:41+08:00 ] ::1 /repair/
ERR: 1146:Table 'repair.register' doesn't exist
 [ SQL语句 ] : SHOW COLUMNS FROM `register`

[ 2015-11-13T16:46:42+08:00 ] ::1 /repair/
ERR: 1146:Table 'repair.register' doesn't exist
 [ SQL语句 ] : SHOW COLUMNS FROM `register`

[ 2015-11-13T16:46:42+08:00 ] ::1 /repair/
ERR: 1146:Table 'repair.register' doesn't exist
 [ SQL语句 ] : SHOW COLUMNS FROM `register`

[ 2015-11-13T16:46:42+08:00 ] ::1 /repair/
ERR: 1146:Table 'repair.register' doesn't exist
 [ SQL语句 ] : SHOW COLUMNS FROM `register`

[ 2015-11-13T16:46:42+08:00 ] ::1 /repair/
ERR: 1146:Table 'repair.register' doesn't exist
 [ SQL语句 ] : SHOW COLUMNS FROM `register`

[ 2015-11-13T16:46:42+08:00 ] ::1 /repair/
ERR: 1146:Table 'repair.register' doesn't exist
 [ SQL语句 ] : SHOW COLUMNS FROM `register`

[ 2015-11-13T16:46:42+08:00 ] ::1 /repair/
ERR: 1146:Table 'repair.register' doesn't exist
 [ SQL语句 ] : SHOW COLUMNS FROM `register`

[ 2015-11-13T16:46:43+08:00 ] ::1 /repair/
ERR: 1146:Table 'repair.register' doesn't exist
 [ SQL语句 ] : SHOW COLUMNS FROM `register`

[ 2015-11-13T18:04:50+08:00 ] ::1 /repair/
ERR: 模板不存在:./Application/Home/View/Index/index.html

[ 2015-11-13T18:04:51+08:00 ] ::1 /repair/
ERR: 模板不存在:./Application/Home/View/Index/index.html

[ 2015-11-13T18:08:36+08:00 ] ::1 /repair/index.php/Home/Regisiter
ERR: 无法加载控制器:Regisiter

[ 2015-11-13T18:09:30+08:00 ] ::1 /repair/index.php/Home/Register
ERR: 非法操作:index

[ 2015-11-13T18:09:57+08:00 ] ::1 /repair/index.php/Home/Register/regisiter
ERR: 非法操作:regisiter

[ 2015-11-13T22:52:55+08:00 ] ::1 /repair/
ERR: 1146:Table 'repair.c_lasses' doesn't exist
 [ SQL语句 ] : SHOW COLUMNS FROM `c_lasses`

