[ 2015-11-08T18:14:30+08:00 ] ::1 /repair/
INFO: [ app_init ] --START--
INFO: Run Behavior\BuildLiteBehavior [ RunTime:0.000032s ]
INFO: [ app_init ] --END-- [ RunTime:0.000202s ]
INFO: [ app_begin ] --START--
INFO: Run Behavior\ReadHtmlCacheBehavior [ RunTime:0.001324s ]
INFO: [ app_begin ] --END-- [ RunTime:0.001484s ]
INFO: [ view_parse ] --START--
INFO: [ template_filter ] --START--
INFO: Run Behavior\ContentReplaceBehavior [ RunTime:0.000078s ]
INFO: [ template_filter ] --END-- [ RunTime:0.000220s ]
INFO: Run Behavior\ParseTemplateBehavior [ RunTime:0.010349s ]
INFO: [ view_parse ] --END-- [ RunTime:0.010510s ]
INFO: [ view_filter ] --START--
INFO: Run Behavior\WriteHtmlCacheBehavior [ RunTime:0.001068s ]
INFO: [ view_filter ] --END-- [ RunTime:0.001212s ]
INFO: [ app_end ] --START--
INFO: Run Behavior\ShowPageTraceBehavior [ RunTime:0.001427s ]
INFO: [ app_end ] --END-- [ RunTime:0.001563s ]

[ 2015-11-08T18:50:49+08:00 ] ::1 /repair/index.php
INFO: [ app_init ] --START--
INFO: Run Behavior\BuildLiteBehavior [ RunTime:0.000030s ]
INFO: [ app_init ] --END-- [ RunTime:0.000777s ]
INFO: [ app_begin ] --START--
INFO: Run Behavior\ReadHtmlCacheBehavior [ RunTime:0.000857s ]
INFO: [ app_begin ] --END-- [ RunTime:0.001001s ]
INFO: [ view_parse ] --START--
INFO: Run Behavior\ParseTemplateBehavior [ RunTime:0.000652s ]
INFO: [ view_parse ] --END-- [ RunTime:0.000804s ]
INFO: [ view_filter ] --START--
INFO: Run Behavior\WriteHtmlCacheBehavior [ RunTime:0.000590s ]
INFO: [ view_filter ] --END-- [ RunTime:0.000721s ]
INFO: [ app_end ] --START--
INFO: Run Behavior\ShowPageTraceBehavior [ RunTime:0.000899s ]
INFO: [ app_end ] --END-- [ RunTime:0.001025s ]

[ 2015-11-08T18:51:57+08:00 ] 127.0.0.1 /repair/index.php
INFO: [ app_init ] --START--
INFO: Run Behavior\BuildLiteBehavior [ RunTime:0.000032s ]
INFO: [ app_init ] --END-- [ RunTime:0.000957s ]
INFO: [ app_begin ] --START--
INFO: Run Behavior\ReadHtmlCacheBehavior [ RunTime:0.000864s ]
INFO: [ app_begin ] --END-- [ RunTime:0.001010s ]
INFO: [ view_parse ] --START--
INFO: Run Behavior\ParseTemplateBehavior [ RunTime:0.000876s ]
INFO: [ view_parse ] --END-- [ RunTime:0.001129s ]
INFO: [ view_filter ] --START--
INFO: Run Behavior\WriteHtmlCacheBehavior [ RunTime:0.000692s ]
INFO: [ view_filter ] --END-- [ RunTime:0.000914s ]
INFO: [ app_end ] --START--
INFO: Run Behavior\ShowPageTraceBehavior [ RunTime:0.001131s ]
INFO: [ app_end ] --END-- [ RunTime:0.001308s ]

[ 2015-11-08T18:52:04+08:00 ] 127.0.0.1 /repair/index.php
INFO: [ app_init ] --START--
INFO: Run Behavior\BuildLiteBehavior [ RunTime:0.000055s ]
INFO: [ app_init ] --END-- [ RunTime:0.001132s ]
INFO: [ app_begin ] --START--
INFO: Run Behavior\ReadHtmlCacheBehavior [ RunTime:0.001632s ]
INFO: [ app_begin ] --END-- [ RunTime:0.001939s ]
INFO: [ view_parse ] --START--
INFO: Run Behavior\ParseTemplateBehavior [ RunTime:0.000489s ]
INFO: [ view_parse ] --END-- [ RunTime:0.000655s ]
INFO: [ view_filter ] --START--
INFO: Run Behavior\WriteHtmlCacheBehavior [ RunTime:0.000488s ]
INFO: [ view_filter ] --END-- [ RunTime:0.000611s ]
INFO: [ app_end ] --START--
INFO: Run Behavior\ShowPageTraceBehavior [ RunTime:0.000804s ]
INFO: [ app_end ] --END-- [ RunTime:0.000933s ]

[ 2015-11-08T18:53:33+08:00 ] 127.0.0.1 /repair/index.php
INFO: [ app_init ] --START--
INFO: Run Behavior\BuildLiteBehavior [ RunTime:0.000029s ]
INFO: [ app_init ] --END-- [ RunTime:0.000550s ]
INFO: [ app_begin ] --START--
INFO: Run Behavior\ReadHtmlCacheBehavior [ RunTime:0.000624s ]
INFO: [ app_begin ] --END-- [ RunTime:0.000760s ]
INFO: [ view_parse ] --START--
INFO: Run Behavior\ParseTemplateBehavior [ RunTime:0.000740s ]
INFO: [ view_parse ] --END-- [ RunTime:0.001041s ]
INFO: [ view_filter ] --START--
INFO: Run Behavior\WriteHtmlCacheBehavior [ RunTime:0.000399s ]
INFO: [ view_filter ] --END-- [ RunTime:0.000533s ]
INFO: [ app_end ] --START--
INFO: Run Behavior\ShowPageTraceBehavior [ RunTime:0.000669s ]
INFO: [ app_end ] --END-- [ RunTime:0.000800s ]

[ 2015-11-08T18:54:01+08:00 ] 127.0.0.1 /repair/index.php
INFO: [ app_init ] --START--
INFO: Run Behavior\BuildLiteBehavior [ RunTime:0.000060s ]
INFO: [ app_init ] --END-- [ RunTime:0.001273s ]
INFO: [ app_begin ] --START--
INFO: Run Behavior\ReadHtmlCacheBehavior [ RunTime:0.000897s ]
INFO: [ app_begin ] --END-- [ RunTime:0.001053s ]
INFO: [ view_parse ] --START--
INFO: Run Behavior\ParseTemplateBehavior [ RunTime:0.000504s ]
INFO: [ view_parse ] --END-- [ RunTime:0.000636s ]
INFO: [ view_filter ] --START--
INFO: Run Behavior\WriteHtmlCacheBehavior [ RunTime:0.000407s ]
INFO: [ view_filter ] --END-- [ RunTime:0.000526s ]
INFO: [ app_end ] --START--
INFO: Run Behavior\ShowPageTraceBehavior [ RunTime:0.000762s ]
INFO: [ app_end ] --END-- [ RunTime:0.000887s ]

[ 2015-11-08T19:49:21+08:00 ] ::1 /repair/
ERR: SQLSTATE[42000] [1049] Unknown database 'think_cms'

[ 2015-11-08T19:49:47+08:00 ] ::1 /repair/
NOTIC: 建议使用E方法替代throw_exception

[ 2015-11-08T19:49:54+08:00 ] ::1 /repair/
NOTIC: 建议使用E方法替代throw_exception

[ 2015-11-08T19:52:34+08:00 ] ::1 /repair/
NOTIC: 建议使用E方法替代throw_exception

[ 2015-11-08T19:52:34+08:00 ] ::1 /repair/
NOTIC: 建议使用E方法替代throw_exception

[ 2015-11-08T19:52:35+08:00 ] ::1 /repair/
NOTIC: 建议使用E方法替代throw_exception

[ 2015-11-08T19:52:35+08:00 ] ::1 /repair/
NOTIC: 建议使用E方法替代throw_exception

[ 2015-11-08T19:52:42+08:00 ] ::1 /repair/
NOTIC: 建议使用E方法替代throw_exception

[ 2015-11-08T19:54:57+08:00 ] ::1 /repair/
NOTIC: 建议使用E方法替代throw_exception

[ 2015-11-08T19:54:57+08:00 ] ::1 /repair/
NOTIC: 建议使用E方法替代throw_exception

[ 2015-11-08T19:54:58+08:00 ] ::1 /repair/
NOTIC: 建议使用E方法替代throw_exception

[ 2015-11-08T19:54:58+08:00 ] ::1 /repair/
NOTIC: 建议使用E方法替代throw_exception

[ 2015-11-08T19:54:58+08:00 ] ::1 /repair/
NOTIC: 建议使用E方法替代throw_exception

[ 2015-11-08T19:55:11+08:00 ] ::1 /repair/
NOTIC: 建议使用E方法替代throw_exception

[ 2015-11-08T19:55:11+08:00 ] ::1 /repair/
NOTIC: 建议使用E方法替代throw_exception

[ 2015-11-08T19:55:12+08:00 ] ::1 /repair/
NOTIC: 建议使用E方法替代throw_exception

[ 2015-11-08T19:55:12+08:00 ] ::1 /repair/
NOTIC: 建议使用E方法替代throw_exception

[ 2015-11-08T19:55:12+08:00 ] ::1 /repair/
NOTIC: 建议使用E方法替代throw_exception

[ 2015-11-08T19:55:12+08:00 ] ::1 /repair/
NOTIC: 建议使用E方法替代throw_exception

[ 2015-11-08T19:55:12+08:00 ] ::1 /repair/
NOTIC: 建议使用E方法替代throw_exception

[ 2015-11-08T19:55:12+08:00 ] ::1 /repair/
NOTIC: 建议使用E方法替代throw_exception

[ 2015-11-08T19:57:51+08:00 ] ::1 /repair/
NOTIC: 建议使用E方法替代throw_exception

[ 2015-11-08T19:57:52+08:00 ] ::1 /repair/
NOTIC: 建议使用E方法替代throw_exception

[ 2015-11-08T19:57:52+08:00 ] ::1 /repair/
NOTIC: 建议使用E方法替代throw_exception

[ 2015-11-08T19:57:52+08:00 ] ::1 /repair/
NOTIC: 建议使用E方法替代throw_exception

[ 2015-11-08T19:57:52+08:00 ] ::1 /repair/
NOTIC: 建议使用E方法替代throw_exception

[ 2015-11-08T19:57:52+08:00 ] ::1 /repair/
NOTIC: 建议使用E方法替代throw_exception

[ 2015-11-08T19:57:53+08:00 ] ::1 /repair/
NOTIC: 建议使用E方法替代throw_exception

[ 2015-11-08T19:58:43+08:00 ] ::1 /repair/
NOTIC: 建议使用E方法替代throw_exception

[ 2015-11-08T19:58:43+08:00 ] ::1 /repair/
NOTIC: 建议使用E方法替代throw_exception

[ 2015-11-08T19:58:43+08:00 ] ::1 /repair/
NOTIC: 建议使用E方法替代throw_exception

[ 2015-11-08T19:59:41+08:00 ] ::1 /repair/
ERR: 用户唯一标识符格式错误!

[ 2015-11-08T19:59:41+08:00 ] ::1 /repair/
ERR: 用户唯一标识符格式错误!

[ 2015-11-08T19:59:41+08:00 ] ::1 /repair/
ERR: 用户唯一标识符格式错误!

[ 2015-11-08T19:59:41+08:00 ] ::1 /repair/
ERR: 用户唯一标识符格式错误!

[ 2015-11-08T19:59:42+08:00 ] ::1 /repair/
ERR: 用户唯一标识符格式错误!

[ 2015-11-08T19:59:42+08:00 ] ::1 /repair/
ERR: 用户唯一标识符格式错误!

[ 2015-11-08T19:59:42+08:00 ] ::1 /repair/
ERR: 用户唯一标识符格式错误!

[ 2015-11-08T19:59:43+08:00 ] ::1 /repair/
ERR: 用户唯一标识符格式错误!

[ 2015-11-08T19:59:43+08:00 ] ::1 /repair/
ERR: 用户唯一标识符格式错误!

[ 2015-11-08T19:59:43+08:00 ] ::1 /repair/
ERR: 用户唯一标识符格式错误!

[ 2015-11-08T19:59:54+08:00 ] ::1 /repair/
NOTIC: 建议使用E方法替代throw_exception

[ 2015-11-08T19:59:55+08:00 ] ::1 /repair/
NOTIC: 建议使用E方法替代throw_exception

[ 2015-11-08T19:59:57+08:00 ] ::1 /repair/
NOTIC: 建议使用E方法替代throw_exception

[ 2015-11-08T19:59:57+08:00 ] ::1 /repair/
NOTIC: 建议使用E方法替代throw_exception

[ 2015-11-08T20:00:07+08:00 ] ::1 /repair/
ERR: 用户唯一标识符格式错误!

[ 2015-11-08T20:00:07+08:00 ] ::1 /repair/
ERR: 用户唯一标识符格式错误!

[ 2015-11-08T20:00:08+08:00 ] ::1 /repair/
ERR: 用户唯一标识符格式错误!

[ 2015-11-08T20:00:08+08:00 ] ::1 /repair/
ERR: 用户唯一标识符格式错误!

[ 2015-11-08T20:00:51+08:00 ] ::1 /repair/
ERR: 用户唯一标识符格式错误!

[ 2015-11-08T20:00:51+08:00 ] ::1 /repair/
ERR: 用户唯一标识符格式错误!

[ 2015-11-08T20:00:52+08:00 ] ::1 /repair/
ERR: 用户唯一标识符格式错误!

[ 2015-11-08T20:00:52+08:00 ] ::1 /repair/
ERR: 用户唯一标识符格式错误!

[ 2015-11-08T20:00:52+08:00 ] ::1 /repair/
ERR: 用户唯一标识符格式错误!

[ 2015-11-08T20:00:52+08:00 ] ::1 /repair/
ERR: 用户唯一标识符格式错误!

